{"timestamp":"2026-03-04T19:43:31.238279Z","level":"info","event":"DAG bundles loaded: dags-folder, example_dags","logger":"airflow.dag_processing.bundles.manager.DagBundlesManager","filename":"manager.py","lineno":179}
{"timestamp":"2026-03-04T19:43:31.246404Z","level":"info","event":"Filling up the DagBag from /mnt/c/Users/DELL/Documents/Pipeline6/airflow/dags/main.py","logger":"airflow.models.dagbag.BundleDagBag","filename":"dagbag.py","lineno":593}
{"timestamp":"2026-03-04T19:43:35.941092Z","level":"warning","event":"The `airflow.decorators.task` attribute is deprecated. Please use `'airflow.sdk.task'`.","category":"DeprecatedImportWarning","filename":"/mnt/c/Users/DELL/Documents/Pipeline6/airflow/dags/main.py","lineno":2,"logger":"py.warnings"}
{"timestamp":"2026-03-04T19:43:36.183797Z","level":"info","event":"Task instance is in running state","logger":"task.stdout"}
{"timestamp":"2026-03-04T19:43:36.185037Z","level":"info","event":" Previous state of the Task instance: TaskInstanceState.QUEUED","logger":"task.stdout"}
{"timestamp":"2026-03-04T19:43:36.185823Z","level":"info","event":"Current task name:extract","logger":"task.stdout"}
{"timestamp":"2026-03-04T19:43:36.187308Z","level":"info","event":"Dag name:weather_etl_pipeline","logger":"task.stdout"}
{"timestamp":"2026-03-04T19:43:36.238908Z","level":"info","event":"==================================================","logger":"root","filename":"main.py","lineno":55}
{"timestamp":"2026-03-04T19:43:36.239553Z","level":"info","event":"DÉBUT DE L'EXTRACTION","logger":"root","filename":"main.py","lineno":56}
{"timestamp":"2026-03-04T19:43:36.239857Z","level":"info","event":"==================================================","logger":"root","filename":"main.py","lineno":57}
{"timestamp":"2026-03-04T19:43:36.756812Z","level":"info","event":"✓ Données extraites pour Dakar","logger":"root","filename":"main.py","lineno":88}
{"timestamp":"2026-03-04T19:43:37.365807Z","level":"info","event":"✓ Données extraites pour Libreville","logger":"root","filename":"main.py","lineno":88}
{"timestamp":"2026-03-04T19:43:38.219622Z","level":"info","event":"✓ Données extraites pour Paris","logger":"root","filename":"main.py","lineno":88}
{"timestamp":"2026-03-04T19:43:38.641979Z","level":"info","event":"✓ Données extraites pour New York","logger":"root","filename":"main.py","lineno":88}
{"timestamp":"2026-03-04T19:43:39.070159Z","level":"info","event":"✓ Données extraites pour Tokyo","logger":"root","filename":"main.py","lineno":88}
{"timestamp":"2026-03-04T19:43:39.560921Z","level":"info","event":"✓ Données extraites pour London","logger":"root","filename":"main.py","lineno":88}
{"timestamp":"2026-03-04T19:43:39.790686Z","level":"info","event":"✓ 6 enregistrements extraits et sauvegardés dans /tmp/raw_weather_data.csv","logger":"root","filename":"main.py","lineno":95}
{"timestamp":"2026-03-04T19:43:39.792992Z","level":"info","event":"Done. Returned value was: /tmp/raw_weather_data.csv","logger":"airflow.task.operators.airflow.providers.standard.decorators.python._PythonDecoratedOperator","filename":"python.py","lineno":230}
{"timestamp":"2026-03-04T19:43:39.794082Z","level":"info","event":"Pushing xcom","ti":"RuntimeTaskInstance(id=UUID('019cba60-4883-7872-97c4-36f318eff166'), task_id='extract', dag_id='weather_etl_pipeline', run_id='scheduled__2026-03-04T00:00:00+00:00', try_number=1, dag_version_id=UUID('019cba5f-72db-703f-acc5-8f4dabef2f4a'), map_index=-1, hostname='DESKTOP-MI7PU8O.localdomain', context_carrier={}, task=<Task(_PythonDecoratedOperator): extract>, bundle_instance=LocalDagBundle(name=dags-folder), max_tries=2, start_date=datetime.datetime(2026, 3, 4, 19, 43, 21, 349177, tzinfo=datetime.timezone.utc), end_date=None, state=<TaskInstanceState.RUNNING: 'running'>, is_mapped=False, rendered_map_index=None)","logger":"task","filename":"task_runner.py","lineno":1522}
{"timestamp":"2026-03-04T19:43:39.914426Z","level":"info","event":"Task instance in success state","logger":"task.stdout"}
{"timestamp":"2026-03-04T19:43:39.915113Z","level":"info","event":" Previous state of the Task instance: TaskInstanceState.RUNNING","logger":"task.stdout"}
{"timestamp":"2026-03-04T19:43:39.915986Z","level":"info","event":"Task operator:<Task(_PythonDecoratedOperator): extract>","logger":"task.stdout"}
