{"timestamp":"2026-03-04T19:43:50.875632Z","level":"info","event":"DAG bundles loaded: dags-folder, example_dags","logger":"airflow.dag_processing.bundles.manager.DagBundlesManager","filename":"manager.py","lineno":179}
{"timestamp":"2026-03-04T19:43:50.885023Z","level":"info","event":"Filling up the DagBag from /mnt/c/Users/DELL/Documents/Pipeline6/airflow/dags/main.py","logger":"airflow.models.dagbag.BundleDagBag","filename":"dagbag.py","lineno":593}
{"timestamp":"2026-03-04T19:43:54.284598Z","level":"warning","event":"The `airflow.decorators.task` attribute is deprecated. Please use `'airflow.sdk.task'`.","category":"DeprecatedImportWarning","filename":"/mnt/c/Users/DELL/Documents/Pipeline6/airflow/dags/main.py","lineno":2,"logger":"py.warnings"}
{"timestamp":"2026-03-04T19:43:54.564609Z","level":"info","event":"Task instance is in running state","logger":"task.stdout"}
{"timestamp":"2026-03-04T19:43:54.568213Z","level":"info","event":" Previous state of the Task instance: TaskInstanceState.QUEUED","logger":"task.stdout"}
{"timestamp":"2026-03-04T19:43:54.569723Z","level":"info","event":"Current task name:load","logger":"task.stdout"}
{"timestamp":"2026-03-04T19:43:54.571595Z","level":"info","event":"Dag name:weather_etl_pipeline","logger":"task.stdout"}
{"timestamp":"2026-03-04T19:43:54.671411Z","level":"info","event":"==================================================","logger":"root","filename":"main.py","lineno":175}
{"timestamp":"2026-03-04T19:43:54.672036Z","level":"info","event":"DÉBUT DU CHARGEMENT","logger":"root","filename":"main.py","lineno":176}
{"timestamp":"2026-03-04T19:43:54.672362Z","level":"info","event":"==================================================","logger":"root","filename":"main.py","lineno":177}
{"timestamp":"2026-03-04T19:43:54.714975Z","level":"info","event":"Base de données: /mnt/c/Users/DELL/Documents/Pipeline6/airflow/weather_data.db","logger":"root","filename":"main.py","lineno":186}
{"timestamp":"2026-03-04T19:43:55.015707Z","level":"info","event":"✓ 6 enregistrements chargés dans '/mnt/c/Users/DELL/Documents/Pipeline6/airflow/weather_data.db'","logger":"root","filename":"main.py","lineno":199}
{"timestamp":"2026-03-04T19:43:55.027250Z","level":"info","event":"\n=== Aperçu des données ===","logger":"root","filename":"main.py","lineno":206}
{"timestamp":"2026-03-04T19:43:55.099362Z","level":"info","event":"\n                 ville  temperature categorie_temp  humidite  indice_confort\n0                Dakar        18.47          Frais        81           10.37\n1           Libreville        29.01       Agréable        70           22.01\n2                Paris        13.01          Frais        61            6.91\n3             New York         7.03          Froid        81           -1.07\n4  Préfecture de Tokyo         7.20          Froid        38            3.40\n5              Londres         8.42          Froid        92           -0.78","logger":"root","filename":"main.py","lineno":207}
{"timestamp":"2026-03-04T19:43:55.108063Z","level":"info","event":"==================================================","logger":"root","filename":"main.py","lineno":211}
{"timestamp":"2026-03-04T19:43:55.108598Z","level":"info","event":"PIPELINE ETL TERMINÉ AVEC SUCCÈS !","logger":"root","filename":"main.py","lineno":212}
{"timestamp":"2026-03-04T19:43:55.108854Z","level":"info","event":"==================================================","logger":"root","filename":"main.py","lineno":213}
{"timestamp":"2026-03-04T19:43:55.109546Z","level":"info","event":"Done. Returned value was: True","logger":"airflow.task.operators.airflow.providers.standard.decorators.python._PythonDecoratedOperator","filename":"python.py","lineno":230}
{"timestamp":"2026-03-04T19:43:55.110112Z","level":"info","event":"Pushing xcom","ti":"RuntimeTaskInstance(id=UUID('019cba60-4885-76e2-bc9a-4141b7a7cbc0'), task_id='load', dag_id='weather_etl_pipeline', run_id='scheduled__2026-03-04T00:00:00+00:00', try_number=1, dag_version_id=UUID('019cba5f-72db-703f-acc5-8f4dabef2f4a'), map_index=-1, hostname='DESKTOP-MI7PU8O.localdomain', context_carrier={}, task=<Task(_PythonDecoratedOperator): load>, bundle_instance=LocalDagBundle(name=dags-folder), max_tries=2, start_date=datetime.datetime(2026, 3, 4, 19, 43, 49, 834327, tzinfo=datetime.timezone.utc), end_date=None, state=<TaskInstanceState.RUNNING: 'running'>, is_mapped=False, rendered_map_index=None)","logger":"task","filename":"task_runner.py","lineno":1522}
{"timestamp":"2026-03-04T19:43:55.750476Z","level":"info","event":"Task instance in success state","logger":"task.stdout"}
{"timestamp":"2026-03-04T19:43:55.751350Z","level":"info","event":" Previous state of the Task instance: TaskInstanceState.RUNNING","logger":"task.stdout"}
{"timestamp":"2026-03-04T19:43:55.752025Z","level":"info","event":"Task operator:<Task(_PythonDecoratedOperator): load>","logger":"task.stdout"}
