{"timestamp":"2026-03-04T20:32:07.444373Z","level":"info","event":"DAG bundles loaded: dags-folder, example_dags","logger":"airflow.dag_processing.bundles.manager.DagBundlesManager","filename":"manager.py","lineno":179}
{"timestamp":"2026-03-04T20:32:07.448064Z","level":"info","event":"Filling up the DagBag from /mnt/c/Users/DELL/Documents/Pipeline6/airflow/dags/main.py","logger":"airflow.models.dagbag.BundleDagBag","filename":"dagbag.py","lineno":593}
{"timestamp":"2026-03-04T20:32:09.659137Z","level":"warning","event":"The `airflow.decorators.task` attribute is deprecated. Please use `'airflow.sdk.task'`.","category":"DeprecatedImportWarning","filename":"/mnt/c/Users/DELL/Documents/Pipeline6/airflow/dags/main.py","lineno":2,"logger":"py.warnings"}
{"timestamp":"2026-03-04T20:32:09.773058Z","level":"info","event":"Task instance is in running state","logger":"task.stdout"}
{"timestamp":"2026-03-04T20:32:09.774115Z","level":"info","event":" Previous state of the Task instance: TaskInstanceState.QUEUED","logger":"task.stdout"}
{"timestamp":"2026-03-04T20:32:09.775214Z","level":"info","event":"Current task name:load","logger":"task.stdout"}
{"timestamp":"2026-03-04T20:32:09.775776Z","level":"info","event":"Dag name:weather_etl_pipeline","logger":"task.stdout"}
{"timestamp":"2026-03-04T20:32:09.791739Z","level":"info","event":"==================================================","logger":"root","filename":"main.py","lineno":160}
{"timestamp":"2026-03-04T20:32:09.792263Z","level":"info","event":"DÉBUT DU CHARGEMENT","logger":"root","filename":"main.py","lineno":161}
{"timestamp":"2026-03-04T20:32:09.792495Z","level":"info","event":"==================================================","logger":"root","filename":"main.py","lineno":162}
{"timestamp":"2026-03-04T20:32:09.810111Z","level":"info","event":"Base de données: /mnt/c/Users/DELL/Documents/Pipeline6/airflow/weather_data.db","logger":"root","filename":"main.py","lineno":171}
{"timestamp":"2026-03-04T20:32:09.978360Z","level":"info","event":"6 enregistrements chargés dans '/mnt/c/Users/DELL/Documents/Pipeline6/airflow/weather_data.db'","logger":"root","filename":"main.py","lineno":183}
{"timestamp":"2026-03-04T20:32:09.997110Z","level":"info","event":"\n=== Aperçu des données ===","logger":"root","filename":"main.py","lineno":190}
{"timestamp":"2026-03-04T20:32:10.069778Z","level":"info","event":"\n                 ville  temperature categorie_temp  humidite  indice_confort\n0                Dakar        17.92          Frais        82            9.72\n1           Libreville        29.01       Agréable        70           22.01\n2                Paris        12.25          Frais        65            5.75\n3             New York         6.70          Froid        82           -1.50\n4  Préfecture de Tokyo         7.09          Froid        39            3.19\n5              Londres         8.08          Froid        92           -1.12","logger":"root","filename":"main.py","lineno":191}
{"timestamp":"2026-03-04T20:32:10.076892Z","level":"info","event":"==================================================","logger":"root","filename":"main.py","lineno":195}
{"timestamp":"2026-03-04T20:32:10.077603Z","level":"info","event":"PIPELINE ETL TERMINÉ AVEC SUCCÈS !","logger":"root","filename":"main.py","lineno":196}
{"timestamp":"2026-03-04T20:32:10.077865Z","level":"info","event":"==================================================","logger":"root","filename":"main.py","lineno":197}
{"timestamp":"2026-03-04T20:32:10.078612Z","level":"info","event":"Done. Returned value was: True","logger":"airflow.task.operators.airflow.providers.standard.decorators.python._PythonDecoratedOperator","filename":"python.py","lineno":230}
{"timestamp":"2026-03-04T20:32:10.082401Z","level":"info","event":"Pushing xcom","ti":"RuntimeTaskInstance(id=UUID('019cba8c-b723-7b62-8c3a-a9ec2476574d'), task_id='load', dag_id='weather_etl_pipeline', run_id='manual__2026-03-04T20:31:49.692575+00:00', try_number=1, dag_version_id=UUID('019cba7e-76cd-7c6c-9027-187ff52ac6af'), map_index=-1, hostname='DESKTOP-MI7PU8O.localdomain', context_carrier={}, task=<Task(_PythonDecoratedOperator): load>, bundle_instance=LocalDagBundle(name=dags-folder), max_tries=2, start_date=datetime.datetime(2026, 3, 4, 20, 32, 7, 326033, tzinfo=datetime.timezone.utc), end_date=None, state=<TaskInstanceState.RUNNING: 'running'>, is_mapped=False, rendered_map_index=None)","logger":"task","filename":"task_runner.py","lineno":1522}
{"timestamp":"2026-03-04T20:32:10.170826Z","level":"info","event":"Task instance in success state","logger":"task.stdout"}
{"timestamp":"2026-03-04T20:32:10.171663Z","level":"info","event":" Previous state of the Task instance: TaskInstanceState.RUNNING","logger":"task.stdout"}
{"timestamp":"2026-03-04T20:32:10.172494Z","level":"info","event":"Task operator:<Task(_PythonDecoratedOperator): load>","logger":"task.stdout"}
