{"timestamp":"2026-03-04T20:31:56.159221Z","level":"info","event":"DAG bundles loaded: dags-folder, example_dags","logger":"airflow.dag_processing.bundles.manager.DagBundlesManager","filename":"manager.py","lineno":179}
{"timestamp":"2026-03-04T20:31:56.171779Z","level":"info","event":"Filling up the DagBag from /mnt/c/Users/DELL/Documents/Pipeline6/airflow/dags/main.py","logger":"airflow.models.dagbag.BundleDagBag","filename":"dagbag.py","lineno":593}
{"timestamp":"2026-03-04T20:31:58.802915Z","level":"warning","event":"The `airflow.decorators.task` attribute is deprecated. Please use `'airflow.sdk.task'`.","category":"DeprecatedImportWarning","filename":"/mnt/c/Users/DELL/Documents/Pipeline6/airflow/dags/main.py","lineno":2,"logger":"py.warnings"}
{"timestamp":"2026-03-04T20:31:59.005288Z","level":"info","event":"Task instance is in running state","logger":"task.stdout"}
{"timestamp":"2026-03-04T20:31:59.005970Z","level":"info","event":" Previous state of the Task instance: TaskInstanceState.QUEUED","logger":"task.stdout"}
{"timestamp":"2026-03-04T20:31:59.006610Z","level":"info","event":"Current task name:extract","logger":"task.stdout"}
{"timestamp":"2026-03-04T20:31:59.007231Z","level":"info","event":"Dag name:weather_etl_pipeline","logger":"task.stdout"}
{"timestamp":"2026-03-04T20:31:59.045535Z","level":"info","event":"==================================================","logger":"root","filename":"main.py","lineno":49}
{"timestamp":"2026-03-04T20:31:59.046152Z","level":"info","event":"DÉBUT DE L'EXTRACTION","logger":"root","filename":"main.py","lineno":50}
{"timestamp":"2026-03-04T20:31:59.046362Z","level":"info","event":"==================================================","logger":"root","filename":"main.py","lineno":51}
{"timestamp":"2026-03-04T20:31:59.527104Z","level":"info","event":"✓ Données extraites pour Dakar","logger":"root","filename":"main.py","lineno":82}
{"timestamp":"2026-03-04T20:31:59.915601Z","level":"info","event":"✓ Données extraites pour Libreville","logger":"root","filename":"main.py","lineno":82}
{"timestamp":"2026-03-04T20:32:00.278107Z","level":"info","event":"✓ Données extraites pour Paris","logger":"root","filename":"main.py","lineno":82}
{"timestamp":"2026-03-04T20:32:00.634132Z","level":"info","event":"✓ Données extraites pour New York","logger":"root","filename":"main.py","lineno":82}
{"timestamp":"2026-03-04T20:32:00.996105Z","level":"info","event":"✓ Données extraites pour Tokyo","logger":"root","filename":"main.py","lineno":82}
{"timestamp":"2026-03-04T20:32:01.463657Z","level":"info","event":"✓ Données extraites pour London","logger":"root","filename":"main.py","lineno":82}
{"timestamp":"2026-03-04T20:32:01.808863Z","level":"info","event":"✓ 6 enregistrements extraits et sauvegardés dans /tmp/raw_weather_data.csv","logger":"root","filename":"main.py","lineno":89}
{"timestamp":"2026-03-04T20:32:01.812621Z","level":"info","event":"Done. Returned value was: /tmp/raw_weather_data.csv","logger":"airflow.task.operators.airflow.providers.standard.decorators.python._PythonDecoratedOperator","filename":"python.py","lineno":230}
{"timestamp":"2026-03-04T20:32:01.814945Z","level":"info","event":"Pushing xcom","ti":"RuntimeTaskInstance(id=UUID('019cba8c-b721-7eab-a7d2-cc1452520567'), task_id='extract', dag_id='weather_etl_pipeline', run_id='manual__2026-03-04T20:31:49.692575+00:00', try_number=1, dag_version_id=UUID('019cba7e-76cd-7c6c-9027-187ff52ac6af'), map_index=-1, hostname='DESKTOP-MI7PU8O.localdomain', context_carrier={}, task=<Task(_PythonDecoratedOperator): extract>, bundle_instance=LocalDagBundle(name=dags-folder), max_tries=2, start_date=datetime.datetime(2026, 3, 4, 20, 31, 55, 717592, tzinfo=datetime.timezone.utc), end_date=None, state=<TaskInstanceState.RUNNING: 'running'>, is_mapped=False, rendered_map_index=None)","logger":"task","filename":"task_runner.py","lineno":1522}
{"timestamp":"2026-03-04T20:32:02.097115Z","level":"info","event":"Task instance in success state","logger":"task.stdout"}
{"timestamp":"2026-03-04T20:32:02.097811Z","level":"info","event":" Previous state of the Task instance: TaskInstanceState.RUNNING","logger":"task.stdout"}
{"timestamp":"2026-03-04T20:32:02.099200Z","level":"info","event":"Task operator:<Task(_PythonDecoratedOperator): extract>","logger":"task.stdout"}
