{"timestamp":"2026-03-04T20:32:03.450681Z","level":"info","event":"DAG bundles loaded: dags-folder, example_dags","logger":"airflow.dag_processing.bundles.manager.DagBundlesManager","filename":"manager.py","lineno":179}
{"timestamp":"2026-03-04T20:32:03.454311Z","level":"info","event":"Filling up the DagBag from /mnt/c/Users/DELL/Documents/Pipeline6/airflow/dags/main.py","logger":"airflow.models.dagbag.BundleDagBag","filename":"dagbag.py","lineno":593}
{"timestamp":"2026-03-04T20:32:05.283764Z","level":"warning","event":"The `airflow.decorators.task` attribute is deprecated. Please use `'airflow.sdk.task'`.","category":"DeprecatedImportWarning","filename":"/mnt/c/Users/DELL/Documents/Pipeline6/airflow/dags/main.py","lineno":2,"logger":"py.warnings"}
{"timestamp":"2026-03-04T20:32:05.407622Z","level":"info","event":"Task instance is in running state","logger":"task.stdout"}
{"timestamp":"2026-03-04T20:32:05.408298Z","level":"info","event":" Previous state of the Task instance: TaskInstanceState.QUEUED","logger":"task.stdout"}
{"timestamp":"2026-03-04T20:32:05.409008Z","level":"info","event":"Current task name:transform","logger":"task.stdout"}
{"timestamp":"2026-03-04T20:32:05.409792Z","level":"info","event":"Dag name:weather_etl_pipeline","logger":"task.stdout"}
{"timestamp":"2026-03-04T20:32:05.440163Z","level":"info","event":"==================================================","logger":"root","filename":"main.py","lineno":102}
{"timestamp":"2026-03-04T20:32:05.440739Z","level":"info","event":"DÉBUT DE LA TRANSFORMATION","logger":"root","filename":"main.py","lineno":103}
{"timestamp":"2026-03-04T20:32:05.440954Z","level":"info","event":"==================================================","logger":"root","filename":"main.py","lineno":104}
{"timestamp":"2026-03-04T20:32:05.529837Z","level":"info","event":"1. Conversion des timestamps","logger":"root","filename":"main.py","lineno":112}
{"timestamp":"2026-03-04T20:32:05.554871Z","level":"info","event":"2. Calcul de la durée du jour","logger":"root","filename":"main.py","lineno":116}
{"timestamp":"2026-03-04T20:32:05.558545Z","level":"info","event":"3. Catégorisation des températures","logger":"root","filename":"main.py","lineno":132}
{"timestamp":"2026-03-04T20:32:05.560116Z","level":"info","event":"4. Calcul de l'indice de confort","logger":"root","filename":"main.py","lineno":136}
{"timestamp":"2026-03-04T20:32:05.561313Z","level":"info","event":"5. Conversion visibilité en km","logger":"root","filename":"main.py","lineno":140}
{"timestamp":"2026-03-04T20:32:05.563553Z","level":"info","event":"6. Ajout de la date d'extraction","logger":"root","filename":"main.py","lineno":144}
{"timestamp":"2026-03-04T20:32:05.625354Z","level":"info","event":"Données transformées et sauvegardées dans /tmp/transformed_weather_data.csv","logger":"root","filename":"main.py","lineno":150}
{"timestamp":"2026-03-04T20:32:05.625708Z","level":"info","event":"Done. Returned value was: /tmp/transformed_weather_data.csv","logger":"airflow.task.operators.airflow.providers.standard.decorators.python._PythonDecoratedOperator","filename":"python.py","lineno":230}
{"timestamp":"2026-03-04T20:32:05.626072Z","level":"info","event":"Pushing xcom","ti":"RuntimeTaskInstance(id=UUID('019cba8c-b722-7882-9a64-1d36367a0538'), task_id='transform', dag_id='weather_etl_pipeline', run_id='manual__2026-03-04T20:31:49.692575+00:00', try_number=1, dag_version_id=UUID('019cba7e-76cd-7c6c-9027-187ff52ac6af'), map_index=-1, hostname='DESKTOP-MI7PU8O.localdomain', context_carrier={}, task=<Task(_PythonDecoratedOperator): transform>, bundle_instance=LocalDagBundle(name=dags-folder), max_tries=2, start_date=datetime.datetime(2026, 3, 4, 20, 32, 3, 363238, tzinfo=datetime.timezone.utc), end_date=None, state=<TaskInstanceState.RUNNING: 'running'>, is_mapped=False, rendered_map_index=None)","logger":"task","filename":"task_runner.py","lineno":1522}
{"timestamp":"2026-03-04T20:32:05.776807Z","level":"info","event":"Task instance in success state","logger":"task.stdout"}
{"timestamp":"2026-03-04T20:32:05.777469Z","level":"info","event":" Previous state of the Task instance: TaskInstanceState.RUNNING","logger":"task.stdout"}
{"timestamp":"2026-03-04T20:32:05.778275Z","level":"info","event":"Task operator:<Task(_PythonDecoratedOperator): transform>","logger":"task.stdout"}
