{"timestamp":"2026-03-04T19:43:42.636955Z","level":"info","event":"DAG bundles loaded: dags-folder, example_dags","logger":"airflow.dag_processing.bundles.manager.DagBundlesManager","filename":"manager.py","lineno":179}
{"timestamp":"2026-03-04T19:43:42.642567Z","level":"info","event":"Filling up the DagBag from /mnt/c/Users/DELL/Documents/Pipeline6/airflow/dags/main.py","logger":"airflow.models.dagbag.BundleDagBag","filename":"dagbag.py","lineno":593}
{"timestamp":"2026-03-04T19:43:46.594591Z","level":"warning","event":"The `airflow.decorators.task` attribute is deprecated. Please use `'airflow.sdk.task'`.","category":"DeprecatedImportWarning","filename":"/mnt/c/Users/DELL/Documents/Pipeline6/airflow/dags/main.py","lineno":2,"logger":"py.warnings"}
{"timestamp":"2026-03-04T19:43:46.819983Z","level":"info","event":"Task instance is in running state","logger":"task.stdout"}
{"timestamp":"2026-03-04T19:43:46.820576Z","level":"info","event":" Previous state of the Task instance: TaskInstanceState.QUEUED","logger":"task.stdout"}
{"timestamp":"2026-03-04T19:43:46.822721Z","level":"info","event":"Current task name:transform","logger":"task.stdout"}
{"timestamp":"2026-03-04T19:43:46.824579Z","level":"info","event":"Dag name:weather_etl_pipeline","logger":"task.stdout"}
{"timestamp":"2026-03-04T19:43:46.862904Z","level":"info","event":"==================================================","logger":"root","filename":"main.py","lineno":113}
{"timestamp":"2026-03-04T19:43:46.865673Z","level":"info","event":"DÉBUT DE LA TRANSFORMATION","logger":"root","filename":"main.py","lineno":114}
{"timestamp":"2026-03-04T19:43:46.866338Z","level":"info","event":"==================================================","logger":"root","filename":"main.py","lineno":115}
{"timestamp":"2026-03-04T19:43:46.916506Z","level":"info","event":"✓ 1. Conversion des timestamps","logger":"root","filename":"main.py","lineno":123}
{"timestamp":"2026-03-04T19:43:46.928921Z","level":"info","event":"✓ 2. Calcul de la durée du jour","logger":"root","filename":"main.py","lineno":127}
{"timestamp":"2026-03-04T19:43:46.930971Z","level":"info","event":"✓ 3. Catégorisation des températures","logger":"root","filename":"main.py","lineno":143}
{"timestamp":"2026-03-04T19:43:46.932817Z","level":"info","event":"✓ 4. Calcul de l'indice de confort","logger":"root","filename":"main.py","lineno":147}
{"timestamp":"2026-03-04T19:43:46.941411Z","level":"info","event":"✓ 5. Conversion visibilité en km","logger":"root","filename":"main.py","lineno":151}
{"timestamp":"2026-03-04T19:43:46.942630Z","level":"info","event":"✓ 6. Ajout de la date d'extraction","logger":"root","filename":"main.py","lineno":155}
{"timestamp":"2026-03-04T19:43:47.056100Z","level":"info","event":"✓ Données transformées et sauvegardées dans /tmp/transformed_weather_data.csv","logger":"root","filename":"main.py","lineno":161}
{"timestamp":"2026-03-04T19:43:47.056607Z","level":"info","event":"Done. Returned value was: /tmp/transformed_weather_data.csv","logger":"airflow.task.operators.airflow.providers.standard.decorators.python._PythonDecoratedOperator","filename":"python.py","lineno":230}
{"timestamp":"2026-03-04T19:43:47.057138Z","level":"info","event":"Pushing xcom","ti":"RuntimeTaskInstance(id=UUID('019cba60-43ef-7310-b0df-ceeb45ae0f59'), task_id='transform', dag_id='weather_etl_pipeline', run_id='manual__2026-03-04T19:43:16.444749+00:00', try_number=1, dag_version_id=UUID('019cba5f-72db-703f-acc5-8f4dabef2f4a'), map_index=-1, hostname='DESKTOP-MI7PU8O.localdomain', context_carrier={}, task=<Task(_PythonDecoratedOperator): transform>, bundle_instance=LocalDagBundle(name=dags-folder), max_tries=2, start_date=datetime.datetime(2026, 3, 4, 19, 43, 42, 339873, tzinfo=datetime.timezone.utc), end_date=None, state=<TaskInstanceState.RUNNING: 'running'>, is_mapped=False, rendered_map_index=None)","logger":"task","filename":"task_runner.py","lineno":1522}
{"timestamp":"2026-03-04T19:43:47.259377Z","level":"info","event":"Task instance in success state","logger":"task.stdout"}
{"timestamp":"2026-03-04T19:43:47.260834Z","level":"info","event":" Previous state of the Task instance: TaskInstanceState.RUNNING","logger":"task.stdout"}
{"timestamp":"2026-03-04T19:43:47.265798Z","level":"info","event":"Task operator:<Task(_PythonDecoratedOperator): transform>","logger":"task.stdout"}
