{"timestamp":"2026-03-04T19:43:49.552971Z","level":"info","event":"DAG bundles loaded: dags-folder, example_dags","logger":"airflow.dag_processing.bundles.manager.DagBundlesManager","filename":"manager.py","lineno":179}
{"timestamp":"2026-03-04T19:43:49.561334Z","level":"info","event":"Filling up the DagBag from /mnt/c/Users/DELL/Documents/Pipeline6/airflow/dags/main.py","logger":"airflow.models.dagbag.BundleDagBag","filename":"dagbag.py","lineno":593}
{"timestamp":"2026-03-04T19:43:53.769693Z","level":"warning","event":"The `airflow.decorators.task` attribute is deprecated. Please use `'airflow.sdk.task'`.","category":"DeprecatedImportWarning","filename":"/mnt/c/Users/DELL/Documents/Pipeline6/airflow/dags/main.py","lineno":2,"logger":"py.warnings"}
{"timestamp":"2026-03-04T19:43:54.022314Z","level":"info","event":"Task instance is in running state","logger":"task.stdout"}
{"timestamp":"2026-03-04T19:43:54.028776Z","level":"info","event":" Previous state of the Task instance: TaskInstanceState.QUEUED","logger":"task.stdout"}
{"timestamp":"2026-03-04T19:43:54.032800Z","level":"info","event":"Current task name:load","logger":"task.stdout"}
{"timestamp":"2026-03-04T19:43:54.036016Z","level":"info","event":"Dag name:weather_etl_pipeline","logger":"task.stdout"}
{"timestamp":"2026-03-04T19:43:54.164461Z","level":"info","event":"==================================================","logger":"root","filename":"main.py","lineno":175}
{"timestamp":"2026-03-04T19:43:54.164955Z","level":"info","event":"DÉBUT DU CHARGEMENT","logger":"root","filename":"main.py","lineno":176}
{"timestamp":"2026-03-04T19:43:54.165269Z","level":"info","event":"==================================================","logger":"root","filename":"main.py","lineno":177}
{"timestamp":"2026-03-04T19:43:54.193914Z","level":"info","event":"Base de données: /mnt/c/Users/DELL/Documents/Pipeline6/airflow/weather_data.db","logger":"root","filename":"main.py","lineno":186}
{"timestamp":"2026-03-04T19:43:54.455118Z","level":"info","event":"✓ 6 enregistrements chargés dans '/mnt/c/Users/DELL/Documents/Pipeline6/airflow/weather_data.db'","logger":"root","filename":"main.py","lineno":199}
{"timestamp":"2026-03-04T19:43:54.476061Z","level":"info","event":"\n=== Aperçu des données ===","logger":"root","filename":"main.py","lineno":206}
{"timestamp":"2026-03-04T19:43:54.704252Z","level":"info","event":"\n                 ville  temperature categorie_temp  humidite  indice_confort\n0                Dakar        18.47          Frais        81           10.37\n1           Libreville        29.01       Agréable        70           22.01\n2                Paris        13.01          Frais        61            6.91\n3             New York         7.03          Froid        81           -1.07\n4  Préfecture de Tokyo         7.20          Froid        38            3.40\n5              Londres         8.42          Froid        92           -0.78","logger":"root","filename":"main.py","lineno":207}
{"timestamp":"2026-03-04T19:43:54.708059Z","level":"info","event":"==================================================","logger":"root","filename":"main.py","lineno":211}
{"timestamp":"2026-03-04T19:43:54.708324Z","level":"info","event":"PIPELINE ETL TERMINÉ AVEC SUCCÈS !","logger":"root","filename":"main.py","lineno":212}
{"timestamp":"2026-03-04T19:43:54.708515Z","level":"info","event":"==================================================","logger":"root","filename":"main.py","lineno":213}
{"timestamp":"2026-03-04T19:43:54.709352Z","level":"info","event":"Done. Returned value was: True","logger":"airflow.task.operators.airflow.providers.standard.decorators.python._PythonDecoratedOperator","filename":"python.py","lineno":230}
{"timestamp":"2026-03-04T19:43:54.710109Z","level":"info","event":"Pushing xcom","ti":"RuntimeTaskInstance(id=UUID('019cba60-43f0-72d0-90ce-d05d820a3e50'), task_id='load', dag_id='weather_etl_pipeline', run_id='manual__2026-03-04T19:43:16.444749+00:00', try_number=1, dag_version_id=UUID('019cba5f-72db-703f-acc5-8f4dabef2f4a'), map_index=-1, hostname='DESKTOP-MI7PU8O.localdomain', context_carrier={}, task=<Task(_PythonDecoratedOperator): load>, bundle_instance=LocalDagBundle(name=dags-folder), max_tries=2, start_date=datetime.datetime(2026, 3, 4, 19, 43, 49, 352415, tzinfo=datetime.timezone.utc), end_date=None, state=<TaskInstanceState.RUNNING: 'running'>, is_mapped=False, rendered_map_index=None)","logger":"task","filename":"task_runner.py","lineno":1522}
{"timestamp":"2026-03-04T19:43:54.883497Z","level":"info","event":"Task instance in success state","logger":"task.stdout"}
{"timestamp":"2026-03-04T19:43:54.884113Z","level":"info","event":" Previous state of the Task instance: TaskInstanceState.RUNNING","logger":"task.stdout"}
{"timestamp":"2026-03-04T19:43:54.885893Z","level":"info","event":"Task operator:<Task(_PythonDecoratedOperator): load>","logger":"task.stdout"}
